0 info it worked if it ends with ok
1 verbose cli [ '/usr/local/bin/node',
1 verbose cli   '/usr/local/bin/npm',
1 verbose cli   'run',
1 verbose cli   'production' ]
2 info using npm@3.8.3
3 info using node@v8.11.3
4 verbose run-script [ 'preproduction', 'production', 'postproduction' ]
5 info lifecycle backend@1.0.0~preproduction: backend@1.0.0
6 silly lifecycle backend@1.0.0~preproduction: no script for preproduction, continuing
7 info lifecycle backend@1.0.0~production: backend@1.0.0
8 verbose lifecycle backend@1.0.0~production: unsafe-perm in lifecycle true
9 verbose lifecycle backend@1.0.0~production: PATH: /usr/local/lib/node_modules/npm/bin/node-gyp-bin:/Users/fernando/Documents/ESTUDO/ReactCod3r/Backend/node_modules/.bin:/usr/local/bin:/Library/Frameworks/Python.framework/Versions/3.7/bin:/Users/fernando/.cargo/bin:/usr/local/bin:/usr/bin:/bin:/usr/sbin:/sbin:/Applications/Visual Studio Code.app/Contents/Resources/app/bin:/Users/fernando/Documents/development/apache-maven-3.6.0/bin
10 verbose lifecycle backend@1.0.0~production: CWD: /Users/fernando/Documents/ESTUDO/ReactCod3r/Backend
11 silly lifecycle backend@1.0.0~production: Args: [ '-c', 'pm2 start src/loader.js --name todo-app' ]
12 silly lifecycle backend@1.0.0~production: Returned: code: 1  signal: null
13 info lifecycle backend@1.0.0~production: Failed to exec production script
14 verbose stack Error: backend@1.0.0 production: `pm2 start src/loader.js --name todo-app`
14 verbose stack Exit status 1
14 verbose stack     at EventEmitter.<anonymous> (/usr/local/lib/node_modules/npm/lib/utils/lifecycle.js:239:16)
14 verbose stack     at emitTwo (events.js:126:13)
14 verbose stack     at EventEmitter.emit (events.js:214:7)
14 verbose stack     at ChildProcess.<anonymous> (/usr/local/lib/node_modules/npm/lib/utils/spawn.js:24:14)
14 verbose stack     at emitTwo (events.js:126:13)
14 verbose stack     at ChildProcess.emit (events.js:214:7)
14 verbose stack     at maybeClose (internal/child_process.js:925:16)
14 verbose stack     at Process.ChildProcess._handle.onexit (internal/child_process.js:209:5)
15 verbose pkgid backend@1.0.0
16 verbose cwd /Users/fernando/Documents/ESTUDO/ReactCod3r/Backend
17 error Darwin 17.7.0
18 error argv "/usr/local/bin/node" "/usr/local/bin/npm" "run" "production"
19 error node v8.11.3
20 error npm  v3.8.3
21 error code ELIFECYCLE
22 error backend@1.0.0 production: `pm2 start src/loader.js --name todo-app`
22 error Exit status 1
23 error Failed at the backend@1.0.0 production script 'pm2 start src/loader.js --name todo-app'.
23 error Make sure you have the latest version of node.js and npm installed.
23 error If you do, this is most likely a problem with the backend package,
23 error not with npm itself.
23 error Tell the author that this fails on your system:
23 error     pm2 start src/loader.js --name todo-app
23 error You can get information on how to open an issue for this project with:
23 error     npm bugs backend
23 error Or if that isn't available, you can get their info via:
23 error     npm owner ls backend
23 error There is likely additional logging output above.
24 verbose exit [ 1, true ]
